<?xml version="1.0" encoding="UTF-8"?>
<!-- Generated by org.testng.reporters.JUnitXMLReporter -->
<testsuite hostname="OSO-DTP-057" name="Attendance Regularization" tests="4" failures="1" timestamp="29 Sep 2017 09:47:07 GMT" time="139.732" errors="0">
  <testcase name="Login" time="1.034" classname="ESS.LeaveandAttendance.LeaveApplication.TC012_AttendanceVerify"/>
  <testcase name="TargetPage" time="68.106" classname="ESS.LeaveandAttendance.LeaveApplication.TC012_AttendanceVerify"/>
  <testcase name="VerifyAttendanceApproveORNot" time="26.389" classname="ESS.LeaveandAttendance.LeaveApplication.TC012_AttendanceVerify">
    <failure type="java.lang.AssertionError" message="Attendance status is not showing properly">
      <![CDATA[java.lang.AssertionError: Attendance status is not showing properly
	at ESS.LeaveandAttendance.LeaveApplication.TC012_AttendanceVerify.VerifyAttendanceApproveORNot(TC012_AttendanceVerify.java:82)
... Removed 25 stack frames]]>
    </failure>
  </testcase> <!-- VerifyAttendanceApproveORNot -->
  <testcase name="VerifyAttendanceRejectOrNot" time="21.671" classname="ESS.LeaveandAttendance.LeaveApplication.TC012_AttendanceVerify"/>
</testsuite> <!-- Attendance Regularization -->
