<?xml version="1.0" encoding="UTF-8"?>
<!-- Generated by org.testng.reporters.JUnitXMLReporter -->
<testsuite hostname="OSO-DTP-057" name="leave application" tests="12" failures="0" timestamp="18 Sep 2017 10:24:27 GMT" time="73.211" errors="0">
  <testcase name="Login" time="0.353" classname="ESS.LeaveandAttendance.LeaveApplication.TC001_ApplyLeave">
    <skipped/>
  </testcase> <!-- Login -->
  <testcase name="TargetPage" time="0.175" classname="ESS.LeaveandAttendance.LeaveApplication.TC001_ApplyLeave">
    <skipped/>
  </testcase> <!-- TargetPage -->
  <testcase name="ApplyLeave" time="0.0" classname="ESS.LeaveandAttendance.LeaveApplication.TC001_ApplyLeave">
    <skipped/>
  </testcase> <!-- ApplyLeave -->
  <testcase name="Login" time="13.33" classname="ESS.LeaveandAttendance.LeaveApplication.TC002_LeaveApproval"/>
  <testcase name="TargetPage" time="0.1" classname="ESS.LeaveandAttendance.LeaveApplication.TC002_LeaveApproval">
    <skipped/>
  </testcase> <!-- TargetPage -->
  <testcase name="LeaveApproveReject" time="0.0" classname="ESS.LeaveandAttendance.LeaveApplication.TC002_LeaveApproval">
    <skipped/>
  </testcase> <!-- LeaveApproveReject -->
  <testcase name="Login" time="0.194" classname="ESS.LeaveandAttendance.LeaveApplication.TC003_LeaveVerify">
    <skipped/>
  </testcase> <!-- Login -->
  <testcase name="TargetPage" time="0.092" classname="ESS.LeaveandAttendance.LeaveApplication.TC003_LeaveVerify">
    <skipped/>
  </testcase> <!-- TargetPage -->
  <testcase name="VerifyLeave" time="0.0" classname="ESS.LeaveandAttendance.LeaveApplication.TC003_LeaveVerify">
    <skipped/>
  </testcase> <!-- VerifyLeave -->
  <testcase name="Login" time="0.158" classname="ESS.LeaveandAttendance.LeaveApplication.TC004_LeaveRevoke">
    <skipped/>
  </testcase> <!-- Login -->
  <testcase name="TargetPage" time="0.084" classname="ESS.LeaveandAttendance.LeaveApplication.TC004_LeaveRevoke">
    <skipped/>
  </testcase> <!-- TargetPage -->
  <testcase name="VerifyLeave" time="0.0" classname="ESS.LeaveandAttendance.LeaveApplication.TC004_LeaveRevoke">
    <skipped/>
  </testcase> <!-- VerifyLeave -->
</testsuite> <!-- leave application -->
