<?xml version="1.0" encoding="UTF-8"?>
<!-- Generated by org.testng.reporters.JUnitXMLReporter -->
<testsuite hostname="OSO-DTP-057" name="On Behalf leave application" tests="4" failures="0" timestamp="18 Sep 2017 12:20:53 GMT" time="61.795" errors="0">
  <testcase name="Login" time="5.348" classname="ESS.LeaveandAttendance.LeaveApplication.TC007_OnBehalfLeaveVerify"/>
  <testcase name="TargetPage" time="9.19" classname="ESS.LeaveandAttendance.LeaveApplication.TC007_OnBehalfLeaveVerify"/>
  <testcase name="VerifyLeave" time="13.781" classname="ESS.LeaveandAttendance.LeaveApplication.TC007_OnBehalfLeaveVerify"/>
  <testcase name="VerifyLeave" time="15.722" classname="ESS.LeaveandAttendance.LeaveApplication.TC007_OnBehalfLeaveVerify"/>
</testsuite> <!-- On Behalf leave application -->
