<?xml version="1.0" encoding="UTF-8"?>
<!-- Generated by org.testng.reporters.JUnitXMLReporter -->
<testsuite hostname="OSO-DTP-057" name="Roster Definition File Upload" tests="3" failures="0" timestamp="23 Sep 2017 08:28:21 GMT" time="84.329" errors="0">
  <testcase name="Login" time="6.919" classname="ESS.LeaveandAttendance.LeaveApplication.TC009_RosterDefinitionUploadFile"/>
  <testcase name="TargetPage" time="22.05" classname="ESS.LeaveandAttendance.LeaveApplication.TC009_RosterDefinitionUploadFile"/>
  <testcase name="DefineRosterUploadFile" time="38.28" classname="ESS.LeaveandAttendance.LeaveApplication.TC009_RosterDefinitionUploadFile"/>
</testsuite> <!-- Roster Definition File Upload -->
