<?xml version="1.0" encoding="UTF-8"?>
<!-- Generated by org.testng.reporters.JUnitXMLReporter -->
<testsuite hostname="OSO-DTP-057" name="Roster Definition" tests="6" failures="2" timestamp="22 Sep 2017 10:30:55 GMT" time="149.459" errors="0">
  <testcase name="Login" time="11.155" classname="ESS.LeaveandAttendance.LeaveApplication.TC008_RosterDefinition"/>
  <testcase name="TargetPage" time="21.311" classname="ESS.LeaveandAttendance.LeaveApplication.TC008_RosterDefinition"/>
  <testcase name="SearchRecord" time="15.68" classname="ESS.LeaveandAttendance.LeaveApplication.TC008_RosterDefinition"/>
  <testcase name="EditDefinedRoster" time="2.816" classname="ESS.LeaveandAttendance.LeaveApplication.TC008_RosterDefinition">
    <failure type="org.openqa.selenium.UnhandledAlertException" message="Unexpected modal dialog (text: Record has been saved successfully.): Record has been saved successfully.
Build info: version: &amp;apos;2.48.2&amp;apos;, revision: &amp;apos;41bccdd&amp;apos;, time: &amp;apos;2015-10-09 19:55:52&amp;apos;
System info: host: &amp;apos;OSO-DTP-057&amp;apos;, ip: &amp;apos;192.168.32.37&amp;apos;, os.name: &amp;apos;Windows 8.1&amp;apos;, os.arch: &amp;apos;x86&amp;apos;, os.version: &amp;apos;6.3&amp;apos;, java.version: &amp;apos;1.8.0_25&amp;apos;
Driver info: org.openqa.selenium.firefox.FirefoxDriver
Capabilities [{applicationCacheEnabled=true, rotatable=false, handlesAlerts=true, databaseEnabled=true, version=36.0.1, platform=WINDOWS, nativeEvents=false, acceptSslCerts=true, webStorageEnabled=true, locationContextEnabled=true, browserName=firefox, takesScreenshot=true, javascriptEnabled=true, cssSelectorsEnabled=true}]
Session ID: b237538d-679d-4943-8a47-fb358578f792">
      <![CDATA[org.openqa.selenium.UnhandledAlertException: Unexpected modal dialog (text: Record has been saved successfully.): Record has been saved successfully.
Build info: version: '2.48.2', revision: '41bccdd', time: '2015-10-09 19:55:52'
System info: host: 'OSO-DTP-057', ip: '192.168.32.37', os.name: 'Windows 8.1', os.arch: 'x86', os.version: '6.3', java.version: '1.8.0_25'
Driver info: org.openqa.selenium.firefox.FirefoxDriver
Capabilities [{applicationCacheEnabled=true, rotatable=false, handlesAlerts=true, databaseEnabled=true, version=36.0.1, platform=WINDOWS, nativeEvents=false, acceptSslCerts=true, webStorageEnabled=true, locationContextEnabled=true, browserName=firefox, takesScreenshot=true, javascriptEnabled=true, cssSelectorsEnabled=true}]
Session ID: b237538d-679d-4943-8a47-fb358578f792
	at org.openqa.selenium.remote.ErrorHandler.createThrowable(ErrorHandler.java:206)
	at org.openqa.selenium.remote.ErrorHandler.createUnhandledAlertException(ErrorHandler.java:187)
	at org.openqa.selenium.remote.ErrorHandler.throwIfResponseFailed(ErrorHandler.java:154)
	at org.openqa.selenium.remote.RemoteWebDriver.execute(RemoteWebDriver.java:647)
	at org.openqa.selenium.remote.RemoteWebDriver.execute(RemoteWebDriver.java:670)
	at org.openqa.selenium.remote.RemoteWebDriver.getTitle(RemoteWebDriver.java:315)
	at pom.TestBase.CommonMethods.Test_Edit_RecordDirectSave(CommonMethods.java:171)
	at pom.ObjectPages.uiActions.RosterDefinition.Test_EditRoster(RosterDefinition.java:133)
	at ESS.LeaveandAttendance.LeaveApplication.TC008_RosterDefinition.EditDefinedRoster(TC008_RosterDefinition.java:109)
... Removed 28 stack frames]]>
    </failure>
  </testcase> <!-- EditDefinedRoster -->
  <testcase name="DefineRoster" time="33.695" classname="ESS.LeaveandAttendance.LeaveApplication.TC008_RosterDefinition"/>
  <testcase name="DefineRoster" time="34.136" classname="ESS.LeaveandAttendance.LeaveApplication.TC008_RosterDefinition">
    <failure type="java.lang.AssertionError" message="Expected : [WO] But Found : [--][Roster Not Define : Shift not showing ]">
      <![CDATA[java.lang.AssertionError: Expected : [WO] But Found : [--][Roster Not Define : Shift not showing ]
	at ESS.LeaveandAttendance.LeaveApplication.TC008_RosterDefinition.DefineRoster(TC008_RosterDefinition.java:102)
... Removed 25 stack frames]]>
    </failure>
  </testcase> <!-- DefineRoster -->
</testsuite> <!-- Roster Definition -->
