<?xml version="1.0" encoding="UTF-8"?>
<testsuite name="leave application"
           tests="3"
           failures="0"
           errors="0"
           skipped="3"
           time="31.137">
  <properties />
  
            <testcase name="TargetPage" time="0.0" classname="ESS.LeaveandAttendance.LeaveApplication.TC001_ApplyLeave">
          <skipped />
    </testcase>
            <testcase name="Login" time="0.0" classname="ESS.LeaveandAttendance.LeaveApplication.TC001_ApplyLeave">
          <skipped />
    </testcase>
            <testcase name="ApplyLeave" time="0.0" classname="ESS.LeaveandAttendance.LeaveApplication.TC001_ApplyLeave">
          <skipped />
    </testcase>
  
  
</testsuite>
