<?xml version="1.0" encoding="UTF-8"?>
<testsuite name="Employees Attendance Calendar"
           tests="6"
           failures="1"
           errors="0"
           skipped="5"
           time="0.001">
  <properties />
            <testcase name="setUp" time="0.000" classname="ESS.LeaveandAttendance.LeaveApplication.TC014_EmployeeAttendanceCalender_Approval">
                <failure type="java.io.EOFException"
                  message="Unexpected end of ZLIB input stream"
              >
<![CDATA[java.io.EOFException: Unexpected end of ZLIB input stream
  java.util.zip.InflaterInputStream.fill(Unknown Source)
  java.util.zip.InflaterInputStream.read(Unknown Source)
  java.util.zip.ZipInputStream.read(Unknown Source)
  org.apache.poi.openxml4j.util.ZipSecureFile$ThresholdInputStream.read(ZipSecureFile.java:213)
  java.io.FilterInputStream.read(Unknown Source)
  org.apache.poi.openxml4j.util.ZipInputStreamZipEntrySource$FakeZipEntry.<init>(ZipInputStreamZipEntrySource.java:129)
  org.apache.poi.openxml4j.util.ZipInputStreamZipEntrySource.<init>(ZipInputStreamZipEntrySource.java:56)
  org.apache.poi.openxml4j.opc.ZipPackage.<init>(ZipPackage.java:93)
  org.apache.poi.openxml4j.opc.OPCPackage.open(OPCPackage.java:292)
  org.apache.poi.util.PackageHelper.open(PackageHelper.java:37)
  org.apache.poi.xssf.usermodel.XSSFWorkbook.<init>(XSSFWorkbook.java:275)
  pom.utility.ExcelUtils.setExcelFile(ExcelUtils.java:20)
  ESS.LeaveandAttendance.LeaveApplication.TC014_EmployeeAttendanceCalender_Approval.setUp(TC014_EmployeeAttendanceCalender_Approval.java:40)
  sun.reflect.NativeMethodAccessorImpl.invoke0(Native Method)
  sun.reflect.NativeMethodAccessorImpl.invoke(Unknown Source)
  sun.reflect.DelegatingMethodAccessorImpl.invoke(Unknown Source)
  java.lang.reflect.Method.invoke(Unknown Source)
  org.testng.internal.MethodInvocationHelper.invokeMethod(MethodInvocationHelper.java:85)
  org.testng.internal.Invoker.invokeConfigurationMethod(Invoker.java:510)
  org.testng.internal.Invoker.invokeConfigurations(Invoker.java:211)
  org.testng.internal.Invoker.invokeConfigurations(Invoker.java:138)
  org.testng.internal.TestMethodWorker.invokeBeforeClassMethods(TestMethodWorker.java:170)
  org.testng.internal.TestMethodWorker.run(TestMethodWorker.java:104)
  org.testng.TestRunner.privateRun(TestRunner.java:773)
  org.testng.TestRunner.run(TestRunner.java:623)
  org.testng.SuiteRunner.runTest(SuiteRunner.java:357)
  org.testng.SuiteRunner.access$000(SuiteRunner.java:39)
  org.testng.SuiteRunner$SuiteWorker.run(SuiteRunner.java:391)
  org.testng.internal.thread.ThreadUtil$2.call(ThreadUtil.java:64)
  java.util.concurrent.FutureTask.run(Unknown Source)
  java.util.concurrent.ThreadPoolExecutor.runWorker(Unknown Source)
  java.util.concurrent.ThreadPoolExecutor$Worker.run(Unknown Source)
  java.lang.Thread.run(Unknown Source)
]]>
      </failure>

          </testcase>
  
            <testcase name="afterMethod" time="0.0" classname="ESS.LeaveandAttendance.LeaveApplication.TC014_EmployeeAttendanceCalender_Approval">
          <skipped />
    </testcase>
            <testcase name="beforeMethod" time="0.0" classname="ESS.LeaveandAttendance.LeaveApplication.TC014_EmployeeAttendanceCalender_Approval">
          <skipped />
    </testcase>
            <testcase name="TargetPage" time="0.0" classname="ESS.LeaveandAttendance.LeaveApplication.TC014_EmployeeAttendanceCalender_Approval">
          <skipped />
    </testcase>
            <testcase name="Login" time="0.0" classname="ESS.LeaveandAttendance.LeaveApplication.TC014_EmployeeAttendanceCalender_Approval">
          <skipped />
    </testcase>
            <testcase name="LeaveApproveReject" time="0.0" classname="ESS.LeaveandAttendance.LeaveApplication.TC014_EmployeeAttendanceCalender_Approval">
          <skipped />
    </testcase>
  
  
</testsuite>
