<?xml version="1.0" encoding="UTF-8"?>
<testsuite name="On Behalf leave application"
           tests="3"
           failures="0"
           errors="0"
           skipped="3"
           time="31.691">
  <properties />
  
            <testcase name="LeaveApproveReject" time="0.0" classname="ESS.LeaveandAttendance.LeaveApplication.TC006_OnBehalfLeaveApproval">
          <skipped />
    </testcase>
            <testcase name="TargetPage" time="0.0" classname="ESS.LeaveandAttendance.LeaveApplication.TC006_OnBehalfLeaveApproval">
          <skipped />
    </testcase>
            <testcase name="Login" time="0.0" classname="ESS.LeaveandAttendance.LeaveApplication.TC006_OnBehalfLeaveApproval">
          <skipped />
    </testcase>
  
  
</testsuite>
