<?xml version="1.0" encoding="UTF-8"?>
<testsuite name="Biometric Attendance Upload"
           tests="3"
           failures="0"
           errors="0"
           skipped="3"
           time="0.169">
  <properties />
  
            <testcase name="ConfigurationScheduler" time="0.0" classname="ESS.LeaveandAttendance.LeaveApplication.TC018_BiometricAttendanceUploadStatusVerify">
          <skipped />
    </testcase>
            <testcase name="Login" time="0.0" classname="ESS.LeaveandAttendance.LeaveApplication.TC018_BiometricAttendanceUploadStatusVerify">
          <skipped />
    </testcase>
            <testcase name="TargetPage" time="0.0" classname="ESS.LeaveandAttendance.LeaveApplication.TC018_BiometricAttendanceUploadStatusVerify">
          <skipped />
    </testcase>
  
  
</testsuite>
