<?xml version="1.0" encoding="UTF-8"?>
<testsuite name="Question Master Add Question"
           tests="4"
           failures="0"
           errors="0"
           skipped="0"
           time="69.275">
  <properties />
  
  
            <testcase name="Add_Questions" time="24.773" classname="Module.HRSetup.General.TC029_QuestionMasterAddQuestion" />
                <testcase name="TargetPage" time="13.953" classname="Module.HRSetup.General.TC029_QuestionMasterAddQuestion" />
                <testcase name="Login" time="1.049" classname="Module.HRSetup.General.TC029_QuestionMasterAddQuestion" />
                <testcase name="Add_Questions" time="29.500" classname="Module.HRSetup.General.TC029_QuestionMasterAddQuestion" />
      
</testsuite>
