<?xml version="1.0" encoding="UTF-8"?>
<testsuite name="Resignation Approval by RP"
           tests="4"
           failures="0"
           errors="0"
           skipped="0"
           time="75.399">
  <properties />
  
  
            <testcase name="Login" time="1.354" classname="Module.ELC.Exit.TC034_ResignationApprovarRP" />
                <testcase name="Resignation_Approvar_RP" time="16.781" classname="Module.ELC.Exit.TC034_ResignationApprovarRP" />
                <testcase name="TargetPage" time="49.378" classname="Module.ELC.Exit.TC034_ResignationApprovarRP" />
                <testcase name="Search_Functionality" time="7.886" classname="Module.ELC.Exit.TC034_ResignationApprovarRP" />
      
</testsuite>
