<?xml version="1.0" encoding="UTF-8"?>
<testsuite name="Probation Request Status Verifation"
           tests="3"
           failures="0"
           errors="0"
           skipped="0"
           time="163.562">
  <properties />
  
  
            <testcase name="TargetPage" time="147.496" classname="Module.ELC.Probation.TC028_ProbationRequestVerifyStatus" />
                <testcase name="ProbationRequest" time="14.224" classname="Module.ELC.Probation.TC028_ProbationRequestVerifyStatus" />
                <testcase name="Login" time="1.842" classname="Module.ELC.Probation.TC028_ProbationRequestVerifyStatus" />
      
</testsuite>
