<?xml version="1.0" encoding="UTF-8"?>
<testsuite name="Basic Salary Range add Test"
           tests="7"
           failures="0"
           errors="0"
           skipped="0"
           time="80.832">
  <properties />
  
  
            <testcase name="Add_New_Button" time="2.730" classname="Module.HRSetup.General.TC031_BasicSalaryRangeAddData" />
                <testcase name="Add_Basic_Salary_Range" time="11.353" classname="Module.HRSetup.General.TC031_BasicSalaryRangeAddData" />
                <testcase name="Edit_Record" time="7.020" classname="Module.HRSetup.General.TC031_BasicSalaryRangeAddData" />
                <testcase name="Edit_Record" time="7.012" classname="Module.HRSetup.General.TC031_BasicSalaryRangeAddData" />
                <testcase name="Login" time="1.353" classname="Module.HRSetup.General.TC031_BasicSalaryRangeAddData" />
                <testcase name="TargetPage" time="41.467" classname="Module.HRSetup.General.TC031_BasicSalaryRangeAddData" />
                <testcase name="Add_Basic_Salary_Range" time="9.897" classname="Module.HRSetup.General.TC031_BasicSalaryRangeAddData" />
      
</testsuite>
