<?xml version="1.0" encoding="UTF-8"?>
<testsuite name="Period Master"
           tests="4"
           failures="0"
           errors="0"
           skipped="0"
           time="93.411">
  <properties />
  
  
            <testcase name="Edit_Record" time="10.747" classname="Module.HRSetup.General.TC032_PeriodMasterUpdateData" />
                <testcase name="TargetPage" time="74.909" classname="Module.HRSetup.General.TC032_PeriodMasterUpdateData" />
                <testcase name="Search_Functionality" time="6.539" classname="Module.HRSetup.General.TC032_PeriodMasterUpdateData" />
                <testcase name="Login" time="1.216" classname="Module.HRSetup.General.TC032_PeriodMasterUpdateData" />
      
</testsuite>
