<?xml version="1.0" encoding="UTF-8"?>
<testsuite name="Induction Schedule"
           tests="3"
           failures="0"
           errors="0"
           skipped="0"
           time="82.546">
  <properties />
  
  
            <testcase name="Login" time="1.366" classname="Module.ELC.Induction.TC021_InductionSchedule" />
                <testcase name="InductionSchedule" time="27.377" classname="Module.ELC.Induction.TC021_InductionSchedule" />
                <testcase name="TargetPage" time="53.803" classname="Module.ELC.Induction.TC021_InductionSchedule" />
      
</testsuite>
