<?xml version="1.0" encoding="UTF-8"?>
<!-- Generated by org.testng.reporters.JUnitXMLReporter -->
<testsuite hostname="OSO-DTP-057" name="Attendance Regularization All Employees" tests="11" failures="0" timestamp="6 Oct 2017 07:24:20 GMT" time="165.923" errors="0">
  <testcase name="@BeforeClass setUp" time="0.0" classname="ESS.LeaveandAttendance.LeaveApplication.TC010_AttendanceRegularization">
    <failure type="org.apache.poi.openxml4j.exceptions.NotOfficeXmlFileException" message="No valid entries or contents found, this is not a valid OOXML (Office Open XML) file">
      <![CDATA[org.apache.poi.openxml4j.exceptions.NotOfficeXmlFileException: No valid entries or contents found, this is not a valid OOXML (Office Open XML) file
	at org.apache.poi.openxml4j.opc.ZipPackage.getPartsImpl(ZipPackage.java:238)
	at org.apache.poi.openxml4j.opc.OPCPackage.getParts(OPCPackage.java:726)
	at org.apache.poi.openxml4j.opc.OPCPackage.open(OPCPackage.java:294)
	at org.apache.poi.util.PackageHelper.open(PackageHelper.java:37)
	at org.apache.poi.xssf.usermodel.XSSFWorkbook.<init>(XSSFWorkbook.java:275)
	at pom.utility.ExcelUtils.setExcelFile(ExcelUtils.java:20)
	at ESS.LeaveandAttendance.LeaveApplication.TC010_AttendanceRegularization.setUp(TC010_AttendanceRegularization.java:46)
	at java.util.concurrent.FutureTask.run(Unknown Source)
	at java.util.concurrent.ThreadPoolExecutor.runWorker(Unknown Source)
	at java.util.concurrent.ThreadPoolExecutor$Worker.run(Unknown Source)
	at java.lang.Thread.run(Unknown Source)
... Removed 16 stack frames]]>
    </failure>
  </testcase> <!-- @BeforeClass setUp -->
  <testcase name="@BeforeMethod beforeMethod" time="0.0" classname="ESS.LeaveandAttendance.LeaveApplication.TC010_AttendanceRegularization">
    <skipped/>
  </testcase> <!-- @BeforeMethod beforeMethod -->
  <testcase name="@AfterMethod afterMethod" time="0.0" classname="ESS.LeaveandAttendance.LeaveApplication.TC010_AttendanceRegularization">
    <skipped/>
  </testcase> <!-- @AfterMethod afterMethod -->
  <testcase name="@BeforeClass initializeTestBaseSetup" time="0.0" classname="ESS.LeaveandAttendance.LeaveApplication.TC011_AttendanceApproval">
    <skipped/>
  </testcase> <!-- @BeforeClass initializeTestBaseSetup -->
  <testcase name="@BeforeClass setUp" time="0.0" classname="ESS.LeaveandAttendance.LeaveApplication.TC011_AttendanceApproval">
    <skipped/>
  </testcase> <!-- @BeforeClass setUp -->
  <testcase name="@BeforeMethod beforeMethod" time="0.0" classname="ESS.LeaveandAttendance.LeaveApplication.TC011_AttendanceApproval">
    <skipped/>
  </testcase> <!-- @BeforeMethod beforeMethod -->
  <testcase name="@AfterMethod afterMethod" time="0.0" classname="ESS.LeaveandAttendance.LeaveApplication.TC011_AttendanceApproval">
    <skipped/>
  </testcase> <!-- @AfterMethod afterMethod -->
  <testcase name="@BeforeClass initializeTestBaseSetup" time="0.0" classname="ESS.LeaveandAttendance.LeaveApplication.TC012_AttendanceVerify">
    <skipped/>
  </testcase> <!-- @BeforeClass initializeTestBaseSetup -->
  <testcase name="@BeforeClass setUp" time="0.0" classname="ESS.LeaveandAttendance.LeaveApplication.TC012_AttendanceVerify">
    <skipped/>
  </testcase> <!-- @BeforeClass setUp -->
  <testcase name="@BeforeMethod beforeMethod" time="0.0" classname="ESS.LeaveandAttendance.LeaveApplication.TC012_AttendanceVerify">
    <skipped/>
  </testcase> <!-- @BeforeMethod beforeMethod -->
  <testcase name="@AfterMethod afterMethod" time="0.0" classname="ESS.LeaveandAttendance.LeaveApplication.TC012_AttendanceVerify">
    <skipped/>
  </testcase> <!-- @AfterMethod afterMethod -->
  <testcase name="@AfterClass endTest" time="0.0" classname="ESS.LeaveandAttendance.LeaveApplication.TC011_AttendanceApproval">
    <failure type="java.lang.NullPointerException">
      <![CDATA[java.lang.NullPointerException
	at pom.TestBase.TestBase.closeBrowser(TestBase.java:369)
	at pom.TestBase.TestBase.endTest(TestBase.java:363)
	at java.util.concurrent.FutureTask.run(Unknown Source)
	at java.util.concurrent.ThreadPoolExecutor.runWorker(Unknown Source)
	at java.util.concurrent.ThreadPoolExecutor$Worker.run(Unknown Source)
	at java.lang.Thread.run(Unknown Source)
... Removed 16 stack frames]]>
    </failure>
  </testcase> <!-- @AfterClass endTest -->
  <testcase name="@AfterClass endTest" time="0.0" classname="ESS.LeaveandAttendance.LeaveApplication.TC012_AttendanceVerify">
    <failure type="java.lang.NullPointerException">
      <![CDATA[java.lang.NullPointerException
	at pom.TestBase.TestBase.closeBrowser(TestBase.java:369)
	at pom.TestBase.TestBase.endTest(TestBase.java:363)
	at java.util.concurrent.FutureTask.run(Unknown Source)
	at java.util.concurrent.ThreadPoolExecutor.runWorker(Unknown Source)
	at java.util.concurrent.ThreadPoolExecutor$Worker.run(Unknown Source)
	at java.lang.Thread.run(Unknown Source)
... Removed 16 stack frames]]>
    </failure>
  </testcase> <!-- @AfterClass endTest -->
  <testcase name="Login" time="0.105" classname="ESS.LeaveandAttendance.LeaveApplication.TC010_AttendanceRegularization">
    <skipped/>
  </testcase> <!-- Login -->
  <testcase name="Login" time="0.005" classname="ESS.LeaveandAttendance.LeaveApplication.TC011_AttendanceApproval">
    <skipped/>
  </testcase> <!-- Login -->
  <testcase name="Login" time="0.006" classname="ESS.LeaveandAttendance.LeaveApplication.TC012_AttendanceVerify">
    <skipped/>
  </testcase> <!-- Login -->
  <testcase name="TargetPage" time="0.0" classname="ESS.LeaveandAttendance.LeaveApplication.TC010_AttendanceRegularization">
    <skipped/>
  </testcase> <!-- TargetPage -->
  <testcase name="TargetPage" time="0.0" classname="ESS.LeaveandAttendance.LeaveApplication.TC011_AttendanceApproval">
    <skipped/>
  </testcase> <!-- TargetPage -->
  <testcase name="TargetPage" time="0.0" classname="ESS.LeaveandAttendance.LeaveApplication.TC012_AttendanceVerify">
    <skipped/>
  </testcase> <!-- TargetPage -->
  <testcase name="SearchRecord" time="0.0" classname="ESS.LeaveandAttendance.LeaveApplication.TC010_AttendanceRegularization">
    <skipped/>
  </testcase> <!-- SearchRecord -->
  <testcase name="LeaveApproveReject" time="0.0" classname="ESS.LeaveandAttendance.LeaveApplication.TC011_AttendanceApproval">
    <skipped/>
  </testcase> <!-- LeaveApproveReject -->
  <testcase name="VerifyAttendanceApprove" time="0.001" classname="ESS.LeaveandAttendance.LeaveApplication.TC012_AttendanceVerify">
    <skipped/>
  </testcase> <!-- VerifyAttendanceApprove -->
  <testcase name="VerifyAttendanceReject" time="0.0" classname="ESS.LeaveandAttendance.LeaveApplication.TC012_AttendanceVerify">
    <skipped/>
  </testcase> <!-- VerifyAttendanceReject -->
  <testcase name="AttendanceRegularization" time="0.0" classname="ESS.LeaveandAttendance.LeaveApplication.TC010_AttendanceRegularization">
    <skipped/>
  </testcase> <!-- AttendanceRegularization -->
</testsuite> <!-- Attendance Regularization All Employees -->
