<?xml version="1.0" encoding="UTF-8"?>
<!-- Generated by org.testng.reporters.JUnitXMLReporter -->
<testsuite hostname="OSO-DTP-057" name="Employees Attendance Calendar" tests="9" failures="0" timestamp="6 Oct 2017 07:30:47 GMT" time="392.855" errors="0">
  <testcase name="@BeforeClass setUp" time="0.0" classname="ESS.LeaveandAttendance.LeaveApplication.TC014_EmployeeAttendanceCalender_Approval">
    <failure type="java.io.EOFException" message="Unexpected end of ZLIB input stream">
      <![CDATA[java.io.EOFException: Unexpected end of ZLIB input stream
	at java.util.zip.InflaterInputStream.fill(Unknown Source)
	at java.util.zip.InflaterInputStream.read(Unknown Source)
	at java.util.zip.ZipInputStream.read(Unknown Source)
	at org.apache.poi.openxml4j.util.ZipSecureFile$ThresholdInputStream.read(ZipSecureFile.java:213)
	at java.io.FilterInputStream.read(Unknown Source)
	at org.apache.poi.openxml4j.util.ZipInputStreamZipEntrySource$FakeZipEntry.<init>(ZipInputStreamZipEntrySource.java:129)
	at org.apache.poi.openxml4j.util.ZipInputStreamZipEntrySource.<init>(ZipInputStreamZipEntrySource.java:56)
	at org.apache.poi.openxml4j.opc.ZipPackage.<init>(ZipPackage.java:93)
	at org.apache.poi.openxml4j.opc.OPCPackage.open(OPCPackage.java:292)
	at org.apache.poi.util.PackageHelper.open(PackageHelper.java:37)
	at org.apache.poi.xssf.usermodel.XSSFWorkbook.<init>(XSSFWorkbook.java:275)
	at pom.utility.ExcelUtils.setExcelFile(ExcelUtils.java:20)
	at ESS.LeaveandAttendance.LeaveApplication.TC014_EmployeeAttendanceCalender_Approval.setUp(TC014_EmployeeAttendanceCalender_Approval.java:40)
	at java.util.concurrent.FutureTask.run(Unknown Source)
	at java.util.concurrent.ThreadPoolExecutor.runWorker(Unknown Source)
	at java.util.concurrent.ThreadPoolExecutor$Worker.run(Unknown Source)
	at java.lang.Thread.run(Unknown Source)
... Removed 16 stack frames]]>
    </failure>
  </testcase> <!-- @BeforeClass setUp -->
  <testcase name="@BeforeMethod beforeMethod" time="0.0" classname="ESS.LeaveandAttendance.LeaveApplication.TC014_EmployeeAttendanceCalender_Approval">
    <skipped/>
  </testcase> <!-- @BeforeMethod beforeMethod -->
  <testcase name="@AfterMethod afterMethod" time="0.0" classname="ESS.LeaveandAttendance.LeaveApplication.TC014_EmployeeAttendanceCalender_Approval">
    <skipped/>
  </testcase> <!-- @AfterMethod afterMethod -->
  <testcase name="@BeforeClass initializeTestBaseSetup" time="0.0" classname="ESS.LeaveandAttendance.LeaveApplication.TC015_EmployeeAttendanceCalender_Verify">
    <skipped/>
  </testcase> <!-- @BeforeClass initializeTestBaseSetup -->
  <testcase name="@BeforeClass setUp" time="0.0" classname="ESS.LeaveandAttendance.LeaveApplication.TC015_EmployeeAttendanceCalender_Verify">
    <skipped/>
  </testcase> <!-- @BeforeClass setUp -->
  <testcase name="@BeforeMethod beforeMethod" time="0.0" classname="ESS.LeaveandAttendance.LeaveApplication.TC015_EmployeeAttendanceCalender_Verify">
    <skipped/>
  </testcase> <!-- @BeforeMethod beforeMethod -->
  <testcase name="@AfterMethod afterMethod" time="0.0" classname="ESS.LeaveandAttendance.LeaveApplication.TC015_EmployeeAttendanceCalender_Verify">
    <skipped/>
  </testcase> <!-- @AfterMethod afterMethod -->
  <testcase name="@AfterClass endTest" time="0.0" classname="ESS.LeaveandAttendance.LeaveApplication.TC015_EmployeeAttendanceCalender_Verify">
    <failure type="java.lang.NullPointerException">
      <![CDATA[java.lang.NullPointerException
	at pom.TestBase.TestBase.closeBrowser(TestBase.java:369)
	at pom.TestBase.TestBase.endTest(TestBase.java:363)
	at java.util.concurrent.FutureTask.run(Unknown Source)
	at java.util.concurrent.ThreadPoolExecutor.runWorker(Unknown Source)
	at java.util.concurrent.ThreadPoolExecutor$Worker.run(Unknown Source)
	at java.lang.Thread.run(Unknown Source)
... Removed 16 stack frames]]>
    </failure>
  </testcase> <!-- @AfterClass endTest -->
  <testcase name="Login" time="0.989" classname="ESS.LeaveandAttendance.LeaveApplication.TC013_EmployeeAttendanceCalender">
    <skipped/>
  </testcase> <!-- Login -->
  <testcase name="Login" time="0.001" classname="ESS.LeaveandAttendance.LeaveApplication.TC014_EmployeeAttendanceCalender_Approval">
    <skipped/>
  </testcase> <!-- Login -->
  <testcase name="Login" time="0.002" classname="ESS.LeaveandAttendance.LeaveApplication.TC015_EmployeeAttendanceCalender_Verify">
    <skipped/>
  </testcase> <!-- Login -->
  <testcase name="TargetPage" time="0.0" classname="ESS.LeaveandAttendance.LeaveApplication.TC013_EmployeeAttendanceCalender">
    <skipped/>
  </testcase> <!-- TargetPage -->
  <testcase name="TargetPage" time="0.0" classname="ESS.LeaveandAttendance.LeaveApplication.TC014_EmployeeAttendanceCalender_Approval">
    <skipped/>
  </testcase> <!-- TargetPage -->
  <testcase name="TargetPage" time="0.0" classname="ESS.LeaveandAttendance.LeaveApplication.TC015_EmployeeAttendanceCalender_Verify">
    <skipped/>
  </testcase> <!-- TargetPage -->
  <testcase name="AttendanceRegularization" time="0.0" classname="ESS.LeaveandAttendance.LeaveApplication.TC013_EmployeeAttendanceCalender">
    <skipped/>
  </testcase> <!-- AttendanceRegularization -->
  <testcase name="LeaveApproveReject" time="0.0" classname="ESS.LeaveandAttendance.LeaveApplication.TC014_EmployeeAttendanceCalender_Approval">
    <skipped/>
  </testcase> <!-- LeaveApproveReject -->
  <testcase name="VerifyAttendanceApproveOrReject" time="0.0" classname="ESS.LeaveandAttendance.LeaveApplication.TC015_EmployeeAttendanceCalender_Verify">
    <skipped/>
  </testcase> <!-- VerifyAttendanceApproveOrReject -->
</testsuite> <!-- Employees Attendance Calendar -->
