<?xml version="1.0" encoding="UTF-8"?>
<!-- Generated by org.testng.reporters.JUnitXMLReporter -->
<testsuite hostname="OSO-DTP-057" name="Exit Interview" tests="4" failures="0" timestamp="10 Nov 2017 08:28:10 GMT" time="172.873" errors="0">
  <testcase name="Login" time="1.48" classname="Module.ELC.Exit.TC038_ExitInterview"/>
  <testcase name="TargetPage" time="91.18" classname="Module.ELC.Exit.TC038_ExitInterview"/>
  <testcase name="Search_Functionality" time="9.488" classname="Module.ELC.Exit.TC038_ExitInterview"/>
  <testcase name="Resignation_FinalStatus_Verification" time="25.968" classname="Module.ELC.Exit.TC038_ExitInterview"/>
</testsuite> <!-- Exit Interview -->
