<?xml version="1.0" encoding="UTF-8"?>
<!-- Generated by org.testng.reporters.JUnitXMLReporter -->
<testsuite hostname="OSO-DTP-057" name="Exit Form" tests="3" failures="0" timestamp="9 Nov 2017 12:46:20 GMT" time="302.108" errors="0">
  <testcase name="Login" time="1.309" classname="Module.ELC.Exit.TC037_ExitForm"/>
  <testcase name="TargetPage" time="157.17" classname="Module.ELC.Exit.TC037_ExitForm"/>
  <testcase name="Resignation_FinalStatus_Verification" time="82.134" classname="Module.ELC.Exit.TC037_ExitForm"/>
</testsuite> <!-- Exit Form -->
