<?xml version="1.0" encoding="UTF-8"?>
<!-- Generated by org.testng.reporters.JUnitXMLReporter -->
<testsuite hostname="OSO-DTP-057" name="Induction Mapping" tests="4" failures="0" timestamp="30 Oct 2017 07:49:51 GMT" time="245.663" errors="0">
  <testcase name="Login" time="1.332" classname="Module.ELC.Induction.TC022_InductionMapping"/>
  <testcase name="TargetPage" time="203.279" classname="Module.ELC.Induction.TC022_InductionMapping"/>
  <testcase name="SearchFunctionality" time="0.361" classname="Module.ELC.Induction.TC022_InductionMapping">
    <skipped/>
  </testcase> <!-- SearchFunctionality -->
  <testcase name="InductionSchedule" time="1.281" classname="Module.ELC.Induction.TC022_InductionMapping">
    <skipped/>
  </testcase> <!-- InductionSchedule -->
</testsuite> <!-- Induction Mapping -->
