<?xml version="1.0" encoding="UTF-8"?>
<!-- Generated by org.testng.reporters.JUnitXMLReporter -->
<testsuite hostname="OSO-DTP-057" name="Induction Schedule" tests="7" failures="0" timestamp="30 Oct 2017 07:45:46 GMT" time="352.774" errors="0">
  <testcase name="Login" time="1.368" classname="Module.ELC.Induction.TC021_InductionSchedule"/>
  <testcase name="Login" time="1.284" classname="Module.ELC.Induction.TC022_InductionMapping"/>
  <testcase name="TargetPage" time="132.226" classname="Module.ELC.Induction.TC021_InductionSchedule"/>
  <testcase name="TargetPage" time="67.622" classname="Module.ELC.Induction.TC022_InductionMapping"/>
  <testcase name="InductionSchedule" time="33.414" classname="Module.ELC.Induction.TC021_InductionSchedule">
    <skipped/>
  </testcase> <!-- InductionSchedule -->
  <testcase name="SearchFunctionality" time="0.279" classname="Module.ELC.Induction.TC022_InductionMapping">
    <skipped/>
  </testcase> <!-- SearchFunctionality -->
  <testcase name="InductionSchedule" time="1.154" classname="Module.ELC.Induction.TC022_InductionMapping">
    <skipped/>
  </testcase> <!-- InductionSchedule -->
</testsuite> <!-- Induction Schedule -->
