<?xml version="1.0" encoding="UTF-8"?>
<!-- Generated by org.testng.reporters.JUnitXMLReporter -->
<testsuite hostname="OSO-DTP-057" name="leave application" tests="20" failures="0" timestamp="6 Oct 2017 07:37:10 GMT" time="935.355" errors="0">
  <testcase name="Login" time="0.199" classname="ESS.LeaveandAttendance.LeaveApplication.TC001_ApplyLeave">
    <skipped/>
  </testcase> <!-- Login -->
  <testcase name="Login" time="0.139" classname="ESS.LeaveandAttendance.LeaveApplication.TC019_LeaveApprovalPlannerViewer">
    <skipped/>
  </testcase> <!-- Login -->
  <testcase name="Login" time="0.473" classname="ESS.LeaveandAttendance.LeaveApplication.TC002_LeaveApproval">
    <skipped/>
  </testcase> <!-- Login -->
  <testcase name="Login" time="0.119" classname="ESS.LeaveandAttendance.LeaveApplication.TC003_LeaveVerify">
    <skipped/>
  </testcase> <!-- Login -->
  <testcase name="Login" time="0.107" classname="ESS.LeaveandAttendance.LeaveApplication.TC004_LeaveRevoke">
    <skipped/>
  </testcase> <!-- Login -->
  <testcase name="Login" time="0.631" classname="ESS.LeaveandAttendance.LeaveApplication.TC005_OnBehalfLeaveApply">
    <skipped/>
  </testcase> <!-- Login -->
  <testcase name="TargetPage" time="30.938" classname="ESS.LeaveandAttendance.LeaveApplication.TC001_ApplyLeave">
    <skipped/>
  </testcase> <!-- TargetPage -->
  <testcase name="TargetPage" time="30.558" classname="ESS.LeaveandAttendance.LeaveApplication.TC003_LeaveVerify">
    <skipped/>
  </testcase> <!-- TargetPage -->
  <testcase name="TargetPage" time="30.666" classname="ESS.LeaveandAttendance.LeaveApplication.TC004_LeaveRevoke">
    <skipped/>
  </testcase> <!-- TargetPage -->
  <testcase name="TargetPage" time="30.572" classname="ESS.LeaveandAttendance.LeaveApplication.TC005_OnBehalfLeaveApply">
    <skipped/>
  </testcase> <!-- TargetPage -->
  <testcase name="OnBehalfLeaveApply" time="0.27" classname="ESS.LeaveandAttendance.LeaveApplication.TC005_OnBehalfLeaveApply">
    <skipped/>
  </testcase> <!-- OnBehalfLeaveApply -->
  <testcase name="OnBehalfLeaveApply" time="0.148" classname="ESS.LeaveandAttendance.LeaveApplication.TC005_OnBehalfLeaveApply">
    <skipped/>
  </testcase> <!-- OnBehalfLeaveApply -->
  <testcase name="TargetPage" time="0.0" classname="ESS.LeaveandAttendance.LeaveApplication.TC019_LeaveApprovalPlannerViewer">
    <skipped/>
  </testcase> <!-- TargetPage -->
  <testcase name="TargetPage" time="0.0" classname="ESS.LeaveandAttendance.LeaveApplication.TC002_LeaveApproval">
    <skipped/>
  </testcase> <!-- TargetPage -->
  <testcase name="ApplyLeave" time="0.0" classname="ESS.LeaveandAttendance.LeaveApplication.TC001_ApplyLeave">
    <skipped/>
  </testcase> <!-- ApplyLeave -->
  <testcase name="VerifyLeave" time="0.0" classname="ESS.LeaveandAttendance.LeaveApplication.TC003_LeaveVerify">
    <skipped/>
  </testcase> <!-- VerifyLeave -->
  <testcase name="VerifyLeave" time="0.0" classname="ESS.LeaveandAttendance.LeaveApplication.TC004_LeaveRevoke">
    <skipped/>
  </testcase> <!-- VerifyLeave -->
  <testcase name="LeavePlannerViewer" time="0.0" classname="ESS.LeaveandAttendance.LeaveApplication.TC019_LeaveApprovalPlannerViewer">
    <skipped/>
  </testcase> <!-- LeavePlannerViewer -->
  <testcase name="SearchRecord" time="0.0" classname="ESS.LeaveandAttendance.LeaveApplication.TC002_LeaveApproval">
    <skipped/>
  </testcase> <!-- SearchRecord -->
  <testcase name="LeaveApproveReject" time="0.0" classname="ESS.LeaveandAttendance.LeaveApplication.TC002_LeaveApproval">
    <skipped/>
  </testcase> <!-- LeaveApproveReject -->
</testsuite> <!-- leave application -->
