<?xml version="1.0" encoding="UTF-8"?>
<!-- Generated by org.testng.reporters.JUnitXMLReporter -->
<testsuite hostname="OSO-DTP-057" name="On Behalf leave application" tests="10" failures="0" timestamp="6 Oct 2017 07:32:21 GMT" time="646.98" errors="0">
  <testcase name="Login" time="1.868" classname="ESS.LeaveandAttendance.LeaveApplication.TC005_OnBehalfLeaveApply">
    <skipped/>
  </testcase> <!-- Login -->
  <testcase name="Login" time="0.281" classname="ESS.LeaveandAttendance.LeaveApplication.TC006_OnBehalfLeaveApproval">
    <skipped/>
  </testcase> <!-- Login -->
  <testcase name="Login" time="0.323" classname="ESS.LeaveandAttendance.LeaveApplication.TC007_OnBehalfLeaveVerify">
    <skipped/>
  </testcase> <!-- Login -->
  <testcase name="TargetPage" time="31.058" classname="ESS.LeaveandAttendance.LeaveApplication.TC005_OnBehalfLeaveApply">
    <skipped/>
  </testcase> <!-- TargetPage -->
  <testcase name="TargetPage" time="31.41" classname="ESS.LeaveandAttendance.LeaveApplication.TC006_OnBehalfLeaveApproval">
    <skipped/>
  </testcase> <!-- TargetPage -->
  <testcase name="TargetPage" time="30.845" classname="ESS.LeaveandAttendance.LeaveApplication.TC007_OnBehalfLeaveVerify">
    <skipped/>
  </testcase> <!-- TargetPage -->
  <testcase name="OnBehalfLeaveApply" time="0.169" classname="ESS.LeaveandAttendance.LeaveApplication.TC005_OnBehalfLeaveApply">
    <skipped/>
  </testcase> <!-- OnBehalfLeaveApply -->
  <testcase name="OnBehalfLeaveApply" time="0.136" classname="ESS.LeaveandAttendance.LeaveApplication.TC005_OnBehalfLeaveApply">
    <skipped/>
  </testcase> <!-- OnBehalfLeaveApply -->
  <testcase name="LeaveApproveReject" time="0.0" classname="ESS.LeaveandAttendance.LeaveApplication.TC006_OnBehalfLeaveApproval">
    <skipped/>
  </testcase> <!-- LeaveApproveReject -->
  <testcase name="VerifyLeave" time="0.0" classname="ESS.LeaveandAttendance.LeaveApplication.TC007_OnBehalfLeaveVerify">
    <skipped/>
  </testcase> <!-- VerifyLeave -->
</testsuite> <!-- On Behalf leave application -->
