<?xml version="1.0" encoding="UTF-8"?>
<!-- Generated by org.testng.reporters.JUnitXMLReporter -->
<testsuite hostname="OSO-DTP-057" name="Period Master" tests="4" failures="0" timestamp="3 Nov 2017 09:54:32 GMT" time="134.796" errors="0">
  <testcase name="Login" time="1.216" classname="Module.HRSetup.General.TC032_PeriodMasterUpdateData"/>
  <testcase name="TargetPage" time="74.909" classname="Module.HRSetup.General.TC032_PeriodMasterUpdateData"/>
  <testcase name="Search_Functionality" time="6.539" classname="Module.HRSetup.General.TC032_PeriodMasterUpdateData"/>
  <testcase name="Edit_Record" time="10.747" classname="Module.HRSetup.General.TC032_PeriodMasterUpdateData"/>
</testsuite> <!-- Period Master -->
