<?xml version="1.0" encoding="UTF-8"?>
<!-- Generated by org.testng.reporters.JUnitXMLReporter -->
<testsuite hostname="OSO-DTP-057" name="Probation Status" tests="4" failures="1" timestamp="30 Oct 2017 08:11:34 GMT" time="296.039" errors="0">
  <testcase name="Login" time="1.953" classname="Module.ELC.Probation.TC027_ProbationStatusGenerateReport"/>
  <testcase name="TargetPage" time="167.924" classname="Module.ELC.Probation.TC027_ProbationStatusGenerateReport"/>
  <testcase name="SearchFunctionality" time="17.829" classname="Module.ELC.Probation.TC027_ProbationStatusGenerateReport"/>
  <testcase name="ProbationGenerateReport" time="66.281" classname="Module.ELC.Probation.TC027_ProbationStatusGenerateReport">
    <failure type="java.lang.AssertionError" message="Expected : [Probation Status] But Found : [Welcome to Onex Software]">
      <![CDATA[java.lang.AssertionError: Expected : [Probation Status] But Found : [Welcome to Onex Software]
	at Module.ELC.Probation.TC027_ProbationStatusGenerateReport.ProbationGenerateReport(TC027_ProbationStatusGenerateReport.java:98)
... Removed 25 stack frames]]>
    </failure>
  </testcase> <!-- ProbationGenerateReport -->
</testsuite> <!-- Probation Status -->
