<?xml version="1.0" encoding="UTF-8"?>
<!-- Generated by org.testng.reporters.JUnitXMLReporter -->
<testsuite hostname="OSO-DTP-057" name="Probation Request" tests="3" failures="0" timestamp="30 Oct 2017 07:57:48 GMT" time="311.581" errors="0">
  <testcase name="Login" time="1.688" classname="Module.ELC.Probation.TC024_ProbationRequest"/>
  <testcase name="TargetPage" time="155.918" classname="Module.ELC.Probation.TC024_ProbationRequest"/>
  <testcase name="ProbationRequest" time="110.245" classname="Module.ELC.Probation.TC024_ProbationRequest"/>
</testsuite> <!-- Probation Request -->
