<?xml version="1.0" encoding="UTF-8"?>
<!-- Generated by org.testng.reporters.JUnitXMLReporter -->
<testsuite hostname="OSO-DTP-057" name="Question Master Add Question" tests="4" failures="0" timestamp="30 Oct 2017 04:42:49 GMT" time="121.91" errors="0">
  <testcase name="Login" time="1.575" classname="Module.HRSetup.General.TC029_QuestionMasterAddQuestion"/>
  <testcase name="TargetPage" time="31.149" classname="Module.HRSetup.General.TC029_QuestionMasterAddQuestion"/>
  <testcase name="Add_Questions" time="28.235" classname="Module.HRSetup.General.TC029_QuestionMasterAddQuestion"/>
  <testcase name="Add_Questions" time="23.716" classname="Module.HRSetup.General.TC029_QuestionMasterAddQuestion"/>
</testsuite> <!-- Question Master Add Question -->
