<?xml version="1.0" encoding="UTF-8"?>
<!-- Generated by org.testng.reporters.JUnitXMLReporter -->
<testsuite hostname="OSO-DTP-057" name="Resignation Approval by RP" tests="4" failures="0" timestamp="8 Nov 2017 12:09:44 GMT" time="231.226" errors="0">
  <testcase name="Login" time="1.308" classname="Module.ELC.Exit.TC034_ResignationApprovarRP"/>
  <testcase name="TargetPage" time="98.726" classname="Module.ELC.Exit.TC034_ResignationApprovarRP"/>
  <testcase name="Search_Functionality" time="9.992" classname="Module.ELC.Exit.TC034_ResignationApprovarRP"/>
  <testcase name="Resignation_Approvar_RP" time="26.469" classname="Module.ELC.Exit.TC034_ResignationApprovarRP"/>
</testsuite> <!-- Resignation Approval by RP -->
