<?xml version="1.0" encoding="UTF-8"?>
<!-- Generated by org.testng.reporters.JUnitXMLReporter -->
<testsuite hostname="OSO-DTP-057" name="Resignation Approval by HR" tests="4" failures="0" timestamp="8 Nov 2017 12:12:34 GMT" time="169.898" errors="0">
  <testcase name="Login" time="1.677" classname="Module.ELC.Exit.TC035_ResignationApprovarHR"/>
  <testcase name="TargetPage" time="90.518" classname="Module.ELC.Exit.TC035_ResignationApprovarHR"/>
  <testcase name="Search_Functionality" time="9.551" classname="Module.ELC.Exit.TC035_ResignationApprovarHR"/>
  <testcase name="Resignation_Approvar_HR" time="24.121" classname="Module.ELC.Exit.TC035_ResignationApprovarHR"/>
</testsuite> <!-- Resignation Approval by HR -->
