<?xml version="1.0" encoding="UTF-8"?>
<!-- Generated by org.testng.reporters.JUnitXMLReporter -->
<testsuite hostname="OSO-DTP-057" name="Roster Definition File Upload" tests="3" failures="0" timestamp="6 Oct 2017 07:24:14 GMT" time="159.986" errors="0">
  <testcase name="Login" time="1.041" classname="ESS.LeaveandAttendance.LeaveApplication.TC009_RosterDefinitionUploadFile">
    <skipped/>
  </testcase> <!-- Login -->
  <testcase name="TargetPage" time="0.0" classname="ESS.LeaveandAttendance.LeaveApplication.TC009_RosterDefinitionUploadFile">
    <skipped/>
  </testcase> <!-- TargetPage -->
  <testcase name="DefineRosterUploadFile" time="0.0" classname="ESS.LeaveandAttendance.LeaveApplication.TC009_RosterDefinitionUploadFile">
    <skipped/>
  </testcase> <!-- DefineRosterUploadFile -->
</testsuite> <!-- Roster Definition File Upload -->
