<?xml version="1.0" encoding="UTF-8"?>
<!-- Generated by org.testng.reporters.JUnitXMLReporter -->
<testsuite hostname="OSO-DTP-057" name="Allowance Deduction Master DataUpload" tests="3" failures="0" timestamp="23 Nov 2017 12:59:07 GMT" time="51.407" errors="0">
  <testcase name="Login" time="1.376" classname="Module.HRSetup.Recruitment.TC041_AllowanceDeductionMasterDataUpload"/>
  <testcase name="TargetPage" time="31.893" classname="Module.HRSetup.Recruitment.TC041_AllowanceDeductionMasterDataUpload"/>
  <testcase name="Add_Allowance_Deduction_Data" time="0.0" classname="Module.HRSetup.Recruitment.TC041_AllowanceDeductionMasterDataUpload">
    <skipped/>
  </testcase> <!-- Add_Allowance_Deduction_Data -->
</testsuite> <!-- Allowance Deduction Master DataUpload -->
