<?xml version="1.0" encoding="UTF-8"?>
<!-- Generated by org.testng.reporters.JUnitXMLReporter -->
<testsuite hostname="OSO-DTP-057" name="Focus Master Data Upload" tests="5" failures="0" timestamp="28 Nov 2017 05:39:19 GMT" time="80.567" errors="0">
  <testcase name="Login" time="1.415" classname="Module.HRSetup.PMSandTraining.TC045_FocusMasterDataUpload"/>
  <testcase name="TargetPage" time="34.865" classname="Module.HRSetup.PMSandTraining.TC045_FocusMasterDataUpload"/>
  <testcase name="Add_New_Button" time="2.878" classname="Module.HRSetup.PMSandTraining.TC045_FocusMasterDataUpload"/>
  <testcase name="Add_Focus_Master_Data" time="17.726" classname="Module.HRSetup.PMSandTraining.TC045_FocusMasterDataUpload"/>
  <testcase name="Edit_Record" time="6.75" classname="Module.HRSetup.PMSandTraining.TC045_FocusMasterDataUpload"/>
</testsuite> <!-- Focus Master Data Upload -->
