<?xml version="1.0" encoding="UTF-8"?>
<!-- Generated by org.testng.reporters.JUnitXMLReporter -->
<testsuite hostname="OSO-DTP-057" name="Induction Mapping" tests="4" failures="0" timestamp="21 Nov 2017 13:09:03 GMT" time="110.459" errors="0">
  <testcase name="Login" time="1.321" classname="Module.ELC.Induction.TC022_InductionMapping"/>
  <testcase name="TargetPage" time="58.223" classname="Module.ELC.Induction.TC022_InductionMapping"/>
  <testcase name="SearchFunctionality" time="6.842" classname="Module.ELC.Induction.TC022_InductionMapping"/>
  <testcase name="InductionSchedule" time="31.581" classname="Module.ELC.Induction.TC022_InductionMapping"/>
</testsuite> <!-- Induction Mapping -->
