<?xml version="1.0" encoding="UTF-8"?>
<!-- Generated by org.testng.reporters.JUnitXMLReporter -->
<testsuite hostname="OSO-DTP-057" name="Period Master" tests="4" failures="0" timestamp="21 Nov 2017 13:16:02 GMT" time="102.254" errors="0">
  <testcase name="Login" time="3.785" classname="Module.HRSetup.General.TC032_PeriodMasterUpdateData"/>
  <testcase name="TargetPage" time="64.319" classname="Module.HRSetup.General.TC032_PeriodMasterUpdateData"/>
  <testcase name="Search_Functionality" time="7.304" classname="Module.HRSetup.General.TC032_PeriodMasterUpdateData"/>
  <testcase name="Edit_Record" time="11.918" classname="Module.HRSetup.General.TC032_PeriodMasterUpdateData"/>
</testsuite> <!-- Period Master -->
