<?xml version="1.0" encoding="UTF-8"?>
<!-- Generated by org.testng.reporters.JUnitXMLReporter -->
<testsuite hostname="OSO-DTP-057" name="Question Master Add Question" tests="4" failures="0" timestamp="21 Nov 2017 13:11:01 GMT" time="81.839" errors="0">
  <testcase name="Login" time="1.049" classname="Module.HRSetup.General.TC029_QuestionMasterAddQuestion"/>
  <testcase name="TargetPage" time="13.953" classname="Module.HRSetup.General.TC029_QuestionMasterAddQuestion"/>
  <testcase name="Add_Questions" time="29.5" classname="Module.HRSetup.General.TC029_QuestionMasterAddQuestion"/>
  <testcase name="Add_Questions" time="24.773" classname="Module.HRSetup.General.TC029_QuestionMasterAddQuestion"/>
</testsuite> <!-- Question Master Add Question -->
