<?xml version="1.0" encoding="UTF-8"?>
<!-- Generated by org.testng.reporters.JUnitXMLReporter -->
<testsuite hostname="OSO-DTP-057" name="Attendance Regularization All Employees" tests="4" failures="0" timestamp="20 Nov 2017 07:25:00 GMT" time="130.248" errors="0">
  <testcase name="Login" time="1.666" classname="Module.ESS.LeaveandAttendance.LeaveApplication.TC010_AttendanceRegularization"/>
  <testcase name="TargetPage" time="68.761" classname="Module.ESS.LeaveandAttendance.LeaveApplication.TC010_AttendanceRegularization"/>
  <testcase name="SearchRecord" time="22.423" classname="Module.ESS.LeaveandAttendance.LeaveApplication.TC010_AttendanceRegularization"/>
  <testcase name="AttendanceRegularization" time="17.172" classname="Module.ESS.LeaveandAttendance.LeaveApplication.TC010_AttendanceRegularization"/>
</testsuite> <!-- Attendance Regularization All Employees -->
