<?xml version="1.0" encoding="UTF-8"?>
<!-- Generated by org.testng.reporters.JUnitXMLReporter -->
<testsuite hostname="OSO-DTP-057" name="Employees Attendance Calendar" tests="3" failures="0" timestamp="20 Nov 2017 07:35:01 GMT" time="62.745" errors="0">
  <testcase name="Login" time="1.849" classname="Module.ESS.LeaveandAttendance.LeaveApplication.TC013_EmployeeAttendanceCalender"/>
  <testcase name="TargetPage" time="30.921" classname="Module.ESS.LeaveandAttendance.LeaveApplication.TC013_EmployeeAttendanceCalender"/>
  <testcase name="AttendanceRegularization" time="12.399" classname="Module.ESS.LeaveandAttendance.LeaveApplication.TC013_EmployeeAttendanceCalender"/>
</testsuite> <!-- Employees Attendance Calendar -->
