<?xml version="1.0" encoding="UTF-8"?>
<!-- Generated by org.testng.reporters.JUnitXMLReporter -->
<testsuite hostname="OSO-DTP-057" name="Employees Attendance Calendar Approval" tests="3" failures="0" timestamp="20 Nov 2017 07:36:21 GMT" time="79.565" errors="0">
  <testcase name="Login" time="1.602" classname="Module.ESS.LeaveandAttendance.LeaveApplication.TC014_EmployeeAttendanceCalender_Approval"/>
  <testcase name="TargetPage" time="62.291" classname="Module.ESS.LeaveandAttendance.LeaveApplication.TC014_EmployeeAttendanceCalender_Approval"/>
  <testcase name="LeaveApproveReject" time="3.224" classname="Module.ESS.LeaveandAttendance.LeaveApplication.TC014_EmployeeAttendanceCalender_Approval">
    <skipped/>
  </testcase> <!-- LeaveApproveReject -->
</testsuite> <!-- Employees Attendance Calendar Approval -->
