<?xml version="1.0" encoding="UTF-8"?>
<!-- Generated by org.testng.reporters.JUnitXMLReporter -->
<testsuite hostname="OSO-DTP-057" name="Exit Interview" tests="4" failures="0" timestamp="21 Nov 2017 07:32:42 GMT" time="112.755" errors="0">
  <testcase name="Login" time="1.538" classname="Module.ELC.Exit.TC038_ExitInterview"/>
  <testcase name="TargetPage" time="66.726" classname="Module.ELC.Exit.TC038_ExitInterview"/>
  <testcase name="Search_Functionality" time="8.324" classname="Module.ELC.Exit.TC038_ExitInterview"/>
  <testcase name="Exit_Interview" time="23.416" classname="Module.ELC.Exit.TC038_ExitInterview"/>
</testsuite> <!-- Exit Interview -->
