<?xml version="1.0" encoding="UTF-8"?>
<!-- Generated by org.testng.reporters.JUnitXMLReporter -->
<testsuite hostname="OSO-DTP-057" name="Induction Schedule" tests="3" failures="0" timestamp="21 Nov 2017 06:51:05 GMT" time="95.337" errors="0">
  <testcase name="Login" time="1.407" classname="Module.ELC.Induction.TC021_InductionSchedule"/>
  <testcase name="TargetPage" time="53.182" classname="Module.ELC.Induction.TC021_InductionSchedule"/>
  <testcase name="InductionSchedule" time="25.223" classname="Module.ELC.Induction.TC021_InductionSchedule"/>
</testsuite> <!-- Induction Schedule -->
