<?xml version="1.0" encoding="UTF-8"?>
<!-- Generated by org.testng.reporters.JUnitXMLReporter -->
<testsuite hostname="OSO-DTP-057" name="leave Verify" tests="4" failures="0" timestamp="17 Nov 2017 14:37:35 GMT" time="37.276" errors="0">
  <testcase name="Login" time="1.348" classname="Module.ESS.LeaveandAttendance.LeaveApplication.TC003_LeaveVerify"/>
  <testcase name="TargetPage" time="23.146" classname="Module.ESS.LeaveandAttendance.LeaveApplication.TC003_LeaveVerify"/>
  <testcase name="VerifyLeave" time="0.305" classname="Module.ESS.LeaveandAttendance.LeaveApplication.TC003_LeaveVerify"/>
  <testcase name="VerifyLeave" time="0.268" classname="Module.ESS.LeaveandAttendance.LeaveApplication.TC003_LeaveVerify"/>
</testsuite> <!-- leave Verify -->
