<?xml version="1.0" encoding="UTF-8"?>
<!-- Generated by org.testng.reporters.JUnitXMLReporter -->
<testsuite hostname="OSO-DTP-057" name="leave Approval Planner Viewer" tests="3" failures="0" timestamp="17 Nov 2017 14:35:04 GMT" time="104.707" errors="0">
  <testcase name="Login" time="1.582" classname="Module.ESS.LeaveandAttendance.LeaveApplication.TC019_LeaveApprovalPlannerViewer"/>
  <testcase name="TargetPage" time="60.763" classname="Module.ESS.LeaveandAttendance.LeaveApplication.TC019_LeaveApprovalPlannerViewer"/>
  <testcase name="LeavePlannerViewer" time="30.116" classname="Module.ESS.LeaveandAttendance.LeaveApplication.TC019_LeaveApprovalPlannerViewer"/>
</testsuite> <!-- leave Approval Planner Viewer -->
