<?xml version="1.0" encoding="UTF-8"?>
<!-- Generated by org.testng.reporters.JUnitXMLReporter -->
<testsuite hostname="OSO-DTP-057" name="leave Revoke" tests="3" failures="0" timestamp="17 Nov 2017 14:38:20 GMT" time="44.766" errors="0">
  <testcase name="Login" time="1.282" classname="Module.ESS.LeaveandAttendance.LeaveApplication.TC004_LeaveRevoke"/>
  <testcase name="TargetPage" time="23.098" classname="Module.ESS.LeaveandAttendance.LeaveApplication.TC004_LeaveRevoke"/>
  <testcase name="VerifyLeave" time="7.373" classname="Module.ESS.LeaveandAttendance.LeaveApplication.TC004_LeaveRevoke"/>
</testsuite> <!-- leave Revoke -->
