<?xml version="1.0" encoding="UTF-8"?>
<!-- Generated by org.testng.reporters.JUnitXMLReporter -->
<testsuite hostname="OSO-DTP-057" name="leave application - Apply leave" tests="4" failures="0" timestamp="17 Nov 2017 14:33:20 GMT" time="193.467" errors="0">
  <testcase name="Login" time="1.179" classname="Module.ESS.LeaveandAttendance.LeaveApplication.TC001_ApplyLeave"/>
  <testcase name="TargetPage" time="27.047" classname="Module.ESS.LeaveandAttendance.LeaveApplication.TC001_ApplyLeave"/>
  <testcase name="ApplyLeave" time="75.443" classname="Module.ESS.LeaveandAttendance.LeaveApplication.TC001_ApplyLeave"/>
  <testcase name="ApplyLeave" time="72.049" classname="Module.ESS.LeaveandAttendance.LeaveApplication.TC001_ApplyLeave"/>
</testsuite> <!-- leave application - Apply leave -->
