<?xml version="1.0" encoding="UTF-8"?>
<!-- Generated by org.testng.reporters.JUnitXMLReporter -->
<testsuite hostname="OSO-DTP-057" name="On Behalf leave apply" tests="4" failures="0" timestamp="17 Nov 2017 15:19:21 GMT" time="262.742" errors="0">
  <testcase name="Login" time="1.328" classname="Module.ESS.LeaveandAttendance.LeaveApplication.TC005_OnBehalfLeaveApply"/>
  <testcase name="TargetPage" time="60.416" classname="Module.ESS.LeaveandAttendance.LeaveApplication.TC005_OnBehalfLeaveApply"/>
  <testcase name="OnBehalfLeaveApply" time="90.912" classname="Module.ESS.LeaveandAttendance.LeaveApplication.TC005_OnBehalfLeaveApply"/>
  <testcase name="OnBehalfLeaveApply" time="90.24" classname="Module.ESS.LeaveandAttendance.LeaveApplication.TC005_OnBehalfLeaveApply"/>
</testsuite> <!-- On Behalf leave apply -->
