<?xml version="1.0" encoding="UTF-8"?>
<!-- Generated by org.testng.reporters.JUnitXMLReporter -->
<testsuite hostname="OSO-DTP-057" name="On Behalf leave Approval" tests="4" failures="0" timestamp="17 Nov 2017 15:21:04 GMT" time="102.587" errors="0">
  <testcase name="Login" time="1.209" classname="Module.ESS.LeaveandAttendance.LeaveApplication.TC006_OnBehalfLeaveApproval"/>
  <testcase name="TargetPage" time="57.017" classname="Module.ESS.LeaveandAttendance.LeaveApplication.TC006_OnBehalfLeaveApproval"/>
  <testcase name="LeaveApproveReject" time="15.752" classname="Module.ESS.LeaveandAttendance.LeaveApplication.TC006_OnBehalfLeaveApproval"/>
  <testcase name="LeaveApproveReject" time="15.291" classname="Module.ESS.LeaveandAttendance.LeaveApplication.TC006_OnBehalfLeaveApproval"/>
</testsuite> <!-- On Behalf leave Approval -->
