<?xml version="1.0" encoding="UTF-8"?>
<!-- Generated by org.testng.reporters.JUnitXMLReporter -->
<testsuite hostname="OSO-DTP-057" name="On Behalf leave Verify" tests="4" failures="0" timestamp="17 Nov 2017 15:23:01 GMT" time="117.461" errors="0">
  <testcase name="Login" time="1.611" classname="Module.ESS.LeaveandAttendance.LeaveApplication.TC007_OnBehalfLeaveVerify"/>
  <testcase name="TargetPage" time="68.833" classname="Module.ESS.LeaveandAttendance.LeaveApplication.TC007_OnBehalfLeaveVerify"/>
  <testcase name="VerifyLeave" time="15.951" classname="Module.ESS.LeaveandAttendance.LeaveApplication.TC007_OnBehalfLeaveVerify"/>
  <testcase name="VerifyLeave" time="16.509" classname="Module.ESS.LeaveandAttendance.LeaveApplication.TC007_OnBehalfLeaveVerify"/>
</testsuite> <!-- On Behalf leave Verify -->
