<?xml version="1.0" encoding="UTF-8"?>
<!-- Generated by org.testng.reporters.JUnitXMLReporter -->
<testsuite hostname="OSO-DTP-057" name="Resignation Approval by HR" tests="4" failures="0" timestamp="21 Nov 2017 05:59:09 GMT" time="103.415" errors="0">
  <testcase name="Login" time="1.32" classname="Module.ELC.Exit.TC035_ResignationApprovarHR"/>
  <testcase name="TargetPage" time="62.495" classname="Module.ELC.Exit.TC035_ResignationApprovarHR"/>
  <testcase name="Search_Functionality" time="8.592" classname="Module.ELC.Exit.TC035_ResignationApprovarHR"/>
  <testcase name="Resignation_Approvar_HR" time="18.411" classname="Module.ELC.Exit.TC035_ResignationApprovarHR"/>
</testsuite> <!-- Resignation Approval by HR -->
