<?xml version="1.0" encoding="UTF-8"?>
<!-- Generated by org.testng.reporters.JUnitXMLReporter -->
<testsuite hostname="OSO-DTP-057" name="Resignation Final status verification" tests="3" failures="0" timestamp="21 Nov 2017 06:00:40 GMT" time="90.839" errors="0">
  <testcase name="Login" time="1.419" classname="Module.ELC.Exit.TC036_ResignationStatusVerify"/>
  <testcase name="TargetPage" time="66.424" classname="Module.ELC.Exit.TC036_ResignationStatusVerify"/>
  <testcase name="Resignation_FinalStatus_Verification" time="9.927" classname="Module.ELC.Exit.TC036_ResignationStatusVerify"/>
</testsuite> <!-- Resignation Final status verification -->
