<?xml version="1.0" encoding="UTF-8"?>
<!-- Generated by org.testng.reporters.JUnitXMLReporter -->
<testsuite hostname="OSO-DTP-057" name="Scheduler Configuration" tests="3" failures="0" timestamp="20 Nov 2017 07:57:25 GMT" time="103.767" errors="0">
  <testcase name="Login" time="1.421" classname="Module.ESS.LeaveandAttendance.LeaveApplication.TC017_SchedulerConfiguration"/>
  <testcase name="TargetPage" time="80.193" classname="Module.ESS.LeaveandAttendance.LeaveApplication.TC017_SchedulerConfiguration"/>
  <testcase name="ConfigurationScheduler" time="10.123" classname="Module.ESS.LeaveandAttendance.LeaveApplication.TC017_SchedulerConfiguration"/>
</testsuite> <!-- Scheduler Configuration -->
